<?xml version="1.0" encoding="UTF-8"?>
<!-- Generated by org.testng.reporters.JUnitXMLReporter -->
<testsuite ignored="1" hostname="DESKTOP-LOJ32VN" failures="0" tests="1" name="Default test" time="16.659" errors="0" timestamp="2022-10-19T18:22:34 IST">
  <testcase classname="rupjit.wikiImdbTest.testMovieDetails" name="movieReleaseDateCheck" time="10.472"/>
  <testcase classname="rupjit.wikiImdbTest.testMovieDetails" name="movieCountryCheck" time="0.0">
    <ignored/>
  </testcase> <!-- movieCountryCheck -->
</testsuite> <!-- Default test -->
