<?xml version="1.0" encoding="UTF-8"?>
<testng-results ignored="0" total="2" passed="2" failed="0" skipped="0">
  <reporter-output>
  </reporter-output>
  <suite started-at="2022-10-20T19:04:36Z" name="Suite" finished-at="2022-10-20T19:05:06Z" duration-ms="29955">
    <groups>
    </groups>
    <test started-at="2022-10-20T19:04:36Z" name="Test" finished-at="2022-10-20T19:05:06Z" duration-ms="29955">
      <class name="tests.MovieDetailsTest">
        <test-method is-config="true" signature="launchImdbApplication()[pri:0, instance:tests.MovieDetailsTest@ab7395e]" started-at="2022-10-20T19:04:36Z" name="launchImdbApplication" finished-at="2022-10-20T19:04:42Z" duration-ms="5818" status="PASS">
          <reporter-output>
          </reporter-output>
        </test-method> <!-- launchImdbApplication -->
        <test-method signature="movieCountryCheck(java.lang.String)[pri:0, instance:tests.MovieDetailsTest@ab7395e]" started-at="2022-10-20T19:04:42Z" name="movieCountryCheck" data-provider="getdata" finished-at="2022-10-20T19:04:51Z" duration-ms="8862" status="PASS">
          <params>
            <param index="0">
              <value>
                <![CDATA[Pushpa: The Rise - Part 1]]>
              </value>
            </param>
          </params>
          <reporter-output>
          </reporter-output>
        </test-method> <!-- movieCountryCheck -->
        <test-method is-config="true" signature="closeWindow()[pri:0, instance:tests.MovieDetailsTest@ab7395e]" started-at="2022-10-20T19:04:51Z" name="closeWindow" finished-at="2022-10-20T19:04:51Z" duration-ms="123" status="PASS">
          <reporter-output>
          </reporter-output>
        </test-method> <!-- closeWindow -->
        <test-method is-config="true" signature="launchImdbApplication()[pri:0, instance:tests.MovieDetailsTest@ab7395e]" started-at="2022-10-20T19:04:51Z" name="launchImdbApplication" finished-at="2022-10-20T19:04:56Z" duration-ms="5463" status="PASS">
          <reporter-output>
          </reporter-output>
        </test-method> <!-- launchImdbApplication -->
        <test-method signature="movieReleaseDateCheck(java.lang.String)[pri:0, instance:tests.MovieDetailsTest@ab7395e]" started-at="2022-10-20T19:04:56Z" name="movieReleaseDateCheck" data-provider="getdata" finished-at="2022-10-20T19:05:06Z" duration-ms="9563" status="PASS">
          <params>
            <param index="0">
              <value>
                <![CDATA[Pushpa: The Rise - Part 1]]>
              </value>
            </param>
          </params>
          <reporter-output>
          </reporter-output>
        </test-method> <!-- movieReleaseDateCheck -->
        <test-method is-config="true" signature="closeWindow()[pri:0, instance:tests.MovieDetailsTest@ab7395e]" started-at="2022-10-20T19:05:06Z" name="closeWindow" finished-at="2022-10-20T19:05:06Z" duration-ms="114" status="PASS">
          <reporter-output>
          </reporter-output>
        </test-method> <!-- closeWindow -->
      </class> <!-- tests.MovieDetailsTest -->
    </test> <!-- Test -->
  </suite> <!-- Suite -->
</testng-results>
