<?xml version="1.0" encoding="UTF-8"?>
<testng-results ignored="0" total="2" passed="2" failed="0" skipped="0">
  <reporter-output>
  </reporter-output>
  <suite started-at="2022-10-19T19:18:40Z" name="Suite" finished-at="2022-10-19T19:19:08Z" duration-ms="27335">
    <groups>
    </groups>
    <test started-at="2022-10-19T19:18:40Z" name="Test" finished-at="2022-10-19T19:19:08Z" duration-ms="27335">
      <class name="tests.MovieDetailsTest">
        <test-method is-config="true" signature="launchImdbApplication()[pri:0, instance:tests.MovieDetailsTest@ab7395e]" started-at="2022-10-19T19:18:40Z" name="launchImdbApplication" finished-at="2022-10-19T19:18:46Z" duration-ms="5585" status="PASS">
          <reporter-output>
          </reporter-output>
        </test-method> <!-- launchImdbApplication -->
        <test-method signature="movieCountryCheck(java.lang.String)[pri:0, instance:tests.MovieDetailsTest@ab7395e]" started-at="2022-10-19T19:18:46Z" name="movieCountryCheck" data-provider="getdata" finished-at="2022-10-19T19:18:54Z" duration-ms="8239" status="PASS">
          <params>
            <param index="0">
              <value>
                <![CDATA[Pushpa: The Rise - Part 1]]>
              </value>
            </param>
          </params>
          <reporter-output>
          </reporter-output>
        </test-method> <!-- movieCountryCheck -->
        <test-method is-config="true" signature="closeWindow()[pri:0, instance:tests.MovieDetailsTest@ab7395e]" started-at="2022-10-19T19:18:54Z" name="closeWindow" finished-at="2022-10-19T19:18:54Z" duration-ms="124" status="PASS">
          <reporter-output>
          </reporter-output>
        </test-method> <!-- closeWindow -->
        <test-method is-config="true" signature="launchImdbApplication()[pri:0, instance:tests.MovieDetailsTest@ab7395e]" started-at="2022-10-19T19:18:54Z" name="launchImdbApplication" finished-at="2022-10-19T19:18:59Z" duration-ms="4785" status="PASS">
          <reporter-output>
          </reporter-output>
        </test-method> <!-- launchImdbApplication -->
        <test-method signature="movieReleaseDateCheck(java.lang.String)[pri:0, instance:tests.MovieDetailsTest@ab7395e]" started-at="2022-10-19T19:18:59Z" name="movieReleaseDateCheck" data-provider="getdata" finished-at="2022-10-19T19:19:08Z" duration-ms="8457" status="PASS">
          <params>
            <param index="0">
              <value>
                <![CDATA[Pushpa: The Rise - Part 1]]>
              </value>
            </param>
          </params>
          <reporter-output>
          </reporter-output>
        </test-method> <!-- movieReleaseDateCheck -->
        <test-method is-config="true" signature="closeWindow()[pri:0, instance:tests.MovieDetailsTest@ab7395e]" started-at="2022-10-19T19:19:08Z" name="closeWindow" finished-at="2022-10-19T19:19:08Z" duration-ms="128" status="PASS">
          <reporter-output>
          </reporter-output>
        </test-method> <!-- closeWindow -->
      </class> <!-- tests.MovieDetailsTest -->
    </test> <!-- Test -->
  </suite> <!-- Suite -->
</testng-results>
