<?xml version="1.0" encoding="UTF-8"?>
<testng-results ignored="0" total="2" passed="2" failed="0" skipped="0">
  <reporter-output>
  </reporter-output>
  <suite started-at="2022-10-20T00:29:28 IST" name="Suite" finished-at="2022-10-20T00:30:04 IST" duration-ms="36725">
    <groups>
    </groups>
    <test started-at="2022-10-20T00:29:28 IST" name="Test" finished-at="2022-10-20T00:30:04 IST" duration-ms="36725">
      <class name="tests.MovieDetailsTest">
        <test-method is-config="true" signature="launchImdbApplication()[pri:0, instance:tests.MovieDetailsTest@38604b81]" started-at="2022-10-20T00:29:28 IST" name="launchImdbApplication" finished-at="2022-10-20T00:29:34 IST" duration-ms="6448" status="PASS">
          <reporter-output>
          </reporter-output>
        </test-method> <!-- launchImdbApplication -->
        <test-method signature="movieCountryCheck(java.lang.String)[pri:0, instance:tests.MovieDetailsTest@38604b81]" started-at="2022-10-20T00:29:34 IST" name="movieCountryCheck" data-provider="getdata" finished-at="2022-10-20T00:29:47 IST" duration-ms="12964" status="PASS">
          <params>
            <param index="0">
              <value>
                <![CDATA[Pushpa: The Rise - Part 1]]>
              </value>
            </param>
          </params>
          <reporter-output>
          </reporter-output>
        </test-method> <!-- movieCountryCheck -->
        <test-method is-config="true" signature="closeWindow()[pri:0, instance:tests.MovieDetailsTest@38604b81]" started-at="2022-10-20T00:29:47 IST" name="closeWindow" finished-at="2022-10-20T00:29:47 IST" duration-ms="120" status="PASS">
          <reporter-output>
          </reporter-output>
        </test-method> <!-- closeWindow -->
        <test-method is-config="true" signature="launchImdbApplication()[pri:0, instance:tests.MovieDetailsTest@38604b81]" started-at="2022-10-20T00:29:47 IST" name="launchImdbApplication" finished-at="2022-10-20T00:29:56 IST" duration-ms="8282" status="PASS">
          <reporter-output>
          </reporter-output>
        </test-method> <!-- launchImdbApplication -->
        <test-method signature="movieReleaseDateCheck(java.lang.String)[pri:0, instance:tests.MovieDetailsTest@38604b81]" started-at="2022-10-20T00:29:56 IST" name="movieReleaseDateCheck" data-provider="getdata" finished-at="2022-10-20T00:30:04 IST" duration-ms="8770" status="PASS">
          <params>
            <param index="0">
              <value>
                <![CDATA[Pushpa: The Rise - Part 1]]>
              </value>
            </param>
          </params>
          <reporter-output>
          </reporter-output>
        </test-method> <!-- movieReleaseDateCheck -->
        <test-method is-config="true" signature="closeWindow()[pri:0, instance:tests.MovieDetailsTest@38604b81]" started-at="2022-10-20T00:30:04 IST" name="closeWindow" finished-at="2022-10-20T00:30:04 IST" duration-ms="111" status="PASS">
          <reporter-output>
          </reporter-output>
        </test-method> <!-- closeWindow -->
      </class> <!-- tests.MovieDetailsTest -->
    </test> <!-- Test -->
  </suite> <!-- Suite -->
</testng-results>
