<?xml version="1.0" encoding="UTF-8"?>
<testng-results ignored="0" total="2" passed="2" failed="0" skipped="0">
  <reporter-output>
  </reporter-output>
  <suite started-at="2022-10-21T01:29:21 IST" name="Suite" finished-at="2022-10-21T01:29:53 IST" duration-ms="32378">
    <groups>
    </groups>
    <test started-at="2022-10-21T01:29:21 IST" name="Test" finished-at="2022-10-21T01:29:53 IST" duration-ms="32378">
      <class name="tests.MovieDetailsTest">
        <test-method is-config="true" signature="launchImdbApplication()[pri:0, instance:tests.MovieDetailsTest@38604b81]" started-at="2022-10-21T01:29:21 IST" name="launchImdbApplication" finished-at="2022-10-21T01:29:27 IST" duration-ms="6187" status="PASS">
          <reporter-output>
          </reporter-output>
        </test-method> <!-- launchImdbApplication -->
        <test-method signature="movieCountryCheck(java.lang.String)[pri:0, instance:tests.MovieDetailsTest@38604b81]" started-at="2022-10-21T01:29:27 IST" name="movieCountryCheck" data-provider="getdata" finished-at="2022-10-21T01:29:36 IST" duration-ms="9146" status="PASS">
          <params>
            <param index="0">
              <value>
                <![CDATA[K.G.F: Chapter 1]]>
              </value>
            </param>
          </params>
          <reporter-output>
          </reporter-output>
        </test-method> <!-- movieCountryCheck -->
        <test-method is-config="true" signature="closeWindow()[pri:0, instance:tests.MovieDetailsTest@38604b81]" started-at="2022-10-21T01:29:36 IST" name="closeWindow" finished-at="2022-10-21T01:29:36 IST" duration-ms="130" status="PASS">
          <reporter-output>
          </reporter-output>
        </test-method> <!-- closeWindow -->
        <test-method is-config="true" signature="launchImdbApplication()[pri:0, instance:tests.MovieDetailsTest@38604b81]" started-at="2022-10-21T01:29:36 IST" name="launchImdbApplication" finished-at="2022-10-21T01:29:41 IST" duration-ms="5105" status="PASS">
          <reporter-output>
          </reporter-output>
        </test-method> <!-- launchImdbApplication -->
        <test-method signature="movieReleaseDateCheck(java.lang.String)[pri:0, instance:tests.MovieDetailsTest@38604b81]" started-at="2022-10-21T01:29:41 IST" name="movieReleaseDateCheck" data-provider="getdata" finished-at="2022-10-21T01:29:53 IST" duration-ms="11591" status="PASS">
          <params>
            <param index="0">
              <value>
                <![CDATA[K.G.F: Chapter 1]]>
              </value>
            </param>
          </params>
          <reporter-output>
          </reporter-output>
        </test-method> <!-- movieReleaseDateCheck -->
        <test-method is-config="true" signature="closeWindow()[pri:0, instance:tests.MovieDetailsTest@38604b81]" started-at="2022-10-21T01:29:53 IST" name="closeWindow" finished-at="2022-10-21T01:29:53 IST" duration-ms="189" status="PASS">
          <reporter-output>
          </reporter-output>
        </test-method> <!-- closeWindow -->
      </class> <!-- tests.MovieDetailsTest -->
    </test> <!-- Test -->
  </suite> <!-- Suite -->
</testng-results>
